c:\repos\azure-umqtt-c\coapsample\debug\vc140.pdb
c:\repos\azure-umqtt-c\coapsample\debug\vc140.idb
c:\repos\azure-umqtt-c\coapsample\debug\coapclientcpp.obj
c:\repos\azure-umqtt-c\cmake\debug\coapsample.pdb
c:\repos\azure-umqtt-c\coapsample\debug\coapsample.tlog\cl.command.1.tlog
c:\repos\azure-umqtt-c\coapsample\debug\coapsample.tlog\cl.read.1.tlog
c:\repos\azure-umqtt-c\coapsample\debug\coapsample.tlog\cl.write.1.tlog
c:\repos\azure-umqtt-c\coapsample\debug\coapsample.tlog\link-cvtres.read.1.tlog
c:\repos\azure-umqtt-c\coapsample\debug\coapsample.tlog\link-cvtres.write.1.tlog
c:\repos\azure-umqtt-c\coapsample\debug\coapsample.tlog\link-rc.read.1.tlog
c:\repos\azure-umqtt-c\coapsample\debug\coapsample.tlog\link-rc.write.1.tlog
c:\repos\azure-umqtt-c\coapsample\debug\coapsample.tlog\link.700-cvtres.read.1.tlog
c:\repos\azure-umqtt-c\coapsample\debug\coapsample.tlog\link.700-cvtres.write.1.tlog
c:\repos\azure-umqtt-c\coapsample\debug\coapsample.tlog\link.700-rc.read.1.tlog
c:\repos\azure-umqtt-c\coapsample\debug\coapsample.tlog\link.700-rc.write.1.tlog
c:\repos\azure-umqtt-c\coapsample\debug\coapsample.tlog\link.700.read.1.tlog
c:\repos\azure-umqtt-c\coapsample\debug\coapsample.tlog\link.700.write.1.tlog
c:\repos\azure-umqtt-c\coapsample\debug\coapsample.tlog\link.command.1.tlog
c:\repos\azure-umqtt-c\coapsample\debug\coapsample.tlog\link.read.1.tlog
c:\repos\azure-umqtt-c\coapsample\debug\coapsample.tlog\link.write.1.tlog
